<?xml version="1.0" encoding="UTF-8"?>
<testng-results total="2" passed="2" failed="0" skipped="0">
  <reporter-output>
  </reporter-output>
  <suite started-at="2023-06-15T08:30:46Z" name="Surefire suite" finished-at="2023-06-15T08:30:46Z" duration-ms="42">
    <groups>
    </groups>
    <test started-at="2023-06-15T08:30:46Z" name="Surefire test" finished-at="2023-06-15T08:30:46Z" duration-ms="42">
      <class name="nickTest.calculatorAPI.TestSubtractionFunctionality">
        <test-method is-config="true" signature="Init()[pri:0, instance:nickTest.calculatorAPI.TestSubtractionFunctionality@48503868]" started-at="2023-06-15T10:30:46Z" name="Init" finished-at="2023-06-15T10:30:46Z" duration-ms="16" status="PASS">
          <reporter-output>
          </reporter-output>
        </test-method> <!-- Init -->
        <test-method is-config="true" signature="ReInitialise()[pri:0, instance:nickTest.calculatorAPI.TestSubtractionFunctionality@48503868]" started-at="2023-06-15T10:30:46Z" name="ReInitialise" finished-at="2023-06-15T10:30:46Z" duration-ms="0" status="PASS">
          <reporter-output>
          </reporter-output>
        </test-method> <!-- ReInitialise -->
        <test-method signature="TestSubtractionWith1Positive1NegativeNumbers()[pri:0, instance:nickTest.calculatorAPI.TestSubtractionFunctionality@48503868]" started-at="2023-06-15T10:30:46Z" name="TestSubtractionWith1Positive1NegativeNumbers" finished-at="2023-06-15T10:30:46Z" duration-ms="5" status="PASS">
          <reporter-output>
          </reporter-output>
        </test-method> <!-- TestSubtractionWith1Positive1NegativeNumbers -->
        <test-method is-config="true" signature="ReInitialise()[pri:0, instance:nickTest.calculatorAPI.TestSubtractionFunctionality@48503868]" started-at="2023-06-15T10:30:46Z" name="ReInitialise" finished-at="2023-06-15T10:30:46Z" duration-ms="0" status="PASS">
          <reporter-output>
          </reporter-output>
        </test-method> <!-- ReInitialise -->
        <test-method signature="TestSubtractionWithPositiveNumbers()[pri:0, instance:nickTest.calculatorAPI.TestSubtractionFunctionality@48503868]" started-at="2023-06-15T10:30:46Z" name="TestSubtractionWithPositiveNumbers" finished-at="2023-06-15T10:30:46Z" duration-ms="1" status="PASS">
          <reporter-output>
          </reporter-output>
        </test-method> <!-- TestSubtractionWithPositiveNumbers -->
        <test-method is-config="true" signature="Teardown()[pri:0, instance:nickTest.calculatorAPI.TestSubtractionFunctionality@48503868]" started-at="2023-06-15T10:30:46Z" name="Teardown" finished-at="2023-06-15T10:30:46Z" duration-ms="1" status="PASS">
          <reporter-output>
          </reporter-output>
        </test-method> <!-- Teardown -->
      </class> <!-- nickTest.calculatorAPI.TestSubtractionFunctionality -->
    </test> <!-- Surefire test -->
  </suite> <!-- Surefire suite -->
</testng-results>
