<?xml version="1.0" encoding="UTF-8"?>
<!-- Generated by org.testng.reporters.JUnitXMLReporter -->
<testsuite hostname="jenkins-master.nick.io" failures="0" tests="2" name="Surefire test" time="0.027" errors="0" timestamp="15 Jun 2023 06:02:31 GMT">
  <testcase classname="nickTest.calculatorAPI.TestSubtractionFunctionality" name="TestSubtractionWith1Positive1NegativeNumbers" time="0.002"/>
  <testcase classname="nickTest.calculatorAPI.TestSubtractionFunctionality" name="TestSubtractionWithPositiveNumbers" time="0.001"/>
</testsuite> <!-- Surefire test -->
