<?xml version="1.0" encoding="UTF-8"?>
<testsuite xmlns:xsi="http://www.w3.org/2001/XMLSchema-instance" xsi:noNamespaceSchemaLocation="https://maven.apache.org/surefire/maven-surefire-plugin/xsd/surefire-test-report.xsd" name="TestSuite" time="0.721" tests="3" errors="0" skipped="0" failures="0">
  <properties>
[...]
</properties>
  <testcase name="TestSubtractionWith1Positive1NegativeNumbers" classname="nickTest.calculatorAPI.TestSubtractionFunctionality" time="0.003"/>
  <testcase name="TestSubtractionWithPositiveNumbers" classname="nickTest.calculatorAPI.TestSubtractionFunctionality" time="0"/>
  <testcase name="shouldAnswerWithTrue on shouldAnswerWithTrue(nickTest.calculatorAPI.AppTest)" classname="nickTest.calculatorAPI.AppTest" time="0.009"/>
</testsuite>